<?xml version="1.0" encoding="UTF-8"?>
<!-- Generated by org.testng.reporters.JUnitReportReporter -->
<testsuite hostname="DESKTOP-ITKODL4" failures="0" tests="1" name="coverFoxTestpkgPOM.FbTest" time="12.596" errors="0" timestamp="2024-08-09T19:30:15 IST" skipped="0">
  <testcase classname="coverFoxTestpkgPOM.FbTest" name="Fblogin" time="12.596">
    <system-out>
      <![CDATA[TCFblogin execution started
TCFbloginsuccessfully executed]]>
    </system-out>
  </testcase> <!-- Fblogin -->
  <system-out>
    <![CDATA[TCFblogin execution started
TCFbloginsuccessfully executed]]>
  </system-out>
</testsuite> <!-- coverFoxTestpkgPOM.FbTest -->
