<?xml version="1.0" encoding="UTF-8"?>
<!-- Generated by org.testng.reporters.JUnitReportReporter -->
<testsuite hostname="DESKTOP-ITKODL4" failures="0" tests="1" name="coverFoxTestpkgPOM.CoverFoxTests" time="6.372" errors="0" timestamp="2024-08-12T16:59:51 IST" skipped="0">
  <testcase classname="coverFoxTestpkgPOM.CoverFoxTests" name="coverfoxResult" time="6.372">
    <system-out>
      <![CDATA[TCcoverfoxResult execution started
getting results
getting results
sort dropdown is displayed
sort dopdown is displayed
TCcoverfoxResultsuccessfully executed]]>
    </system-out>
  </testcase> <!-- coverfoxResult -->
  <system-out>
    <![CDATA[browser is launching
clicking male button
clicking next button
age is selecting
clicking next
entering pincode
entering phonenumber
clicking continue button 
TCcoverfoxResult execution started
getting results
getting results
sort dropdown is displayed
sort dopdown is displayed
TCcoverfoxResultsuccessfully executed
taking screenshot]]>
  </system-out>
</testsuite> <!-- coverFoxTestpkgPOM.CoverFoxTests -->
